{"target": 8513.833333333334, "params": {"eps_decay": 1e-05, "gamma": 0.8, "lr": 0.0001, "update_freq": 50.0}, "datetime": {"datetime": "2022-02-24 22:04:24", "elapsed": 0.0, "delta": 0.0}}
{"target": 10067.213333333333, "params": {"eps_decay": 0.0001, "gamma": 0.9, "lr": 0.0001, "update_freq": 100.0}, "datetime": {"datetime": "2022-02-24 22:04:24", "elapsed": 0.020001, "delta": 0.020001}}
{"target": 26630.37666666667, "params": {"eps_decay": 0.001, "gamma": 0.95, "lr": 0.0001, "update_freq": 150.0}, "datetime": {"datetime": "2022-02-24 22:04:24", "elapsed": 0.031001, "delta": 0.011}}
{"target": 20541.68333333333, "params": {"eps_decay": 0.01, "gamma": 0.99, "lr": 0.0001, "update_freq": 200.0}, "datetime": {"datetime": "2022-02-24 22:04:24", "elapsed": 0.035999, "delta": 0.004998}}
{"target": 9649.66, "params": {"eps_decay": 0.0001, "gamma": 0.8, "lr": 0.001, "update_freq": 150.0}, "datetime": {"datetime": "2022-02-24 22:04:24", "elapsed": 0.041001, "delta": 0.005002}}
{"target": 12220.116666666667, "params": {"eps_decay": 1e-05, "gamma": 0.9, "lr": 0.001, "update_freq": 200.0}, "datetime": {"datetime": "2022-02-24 22:04:24", "elapsed": 0.045999, "delta": 0.004998}}
{"target": 10904.936666666666, "params": {"eps_decay": 0.01, "gamma": 0.95, "lr": 0.001, "update_freq": 50.0}, "datetime": {"datetime": "2022-02-24 22:04:24", "elapsed": 0.050999, "delta": 0.005}}
{"target": 22671.50666666667, "params": {"eps_decay": 0.001, "gamma": 0.99, "lr": 0.001, "update_freq": 100.0}, "datetime": {"datetime": "2022-02-24 22:04:24", "elapsed": 0.055999, "delta": 0.005}}
{"target": 9953.073333333334, "params": {"eps_decay": 0.001, "gamma": 0.8, "lr": 0.01, "update_freq": 200.0}, "datetime": {"datetime": "2022-02-24 22:04:24", "elapsed": 0.061, "delta": 0.005001}}
{"target": 16688.756666666668, "params": {"eps_decay": 0.01, "gamma": 0.9, "lr": 0.01, "update_freq": 150.0}, "datetime": {"datetime": "2022-02-24 22:04:24", "elapsed": 0.066, "delta": 0.005}}
{"target": 12763.71, "params": {"eps_decay": 1e-05, "gamma": 0.95, "lr": 0.01, "update_freq": 100.0}, "datetime": {"datetime": "2022-02-24 22:04:24", "elapsed": 0.069998, "delta": 0.003998}}
{"target": 25010.763333333336, "params": {"eps_decay": 0.0001, "gamma": 0.99, "lr": 0.01, "update_freq": 50.0}, "datetime": {"datetime": "2022-02-24 22:04:24", "elapsed": 0.075, "delta": 0.005002}}
{"target": 10454.57, "params": {"eps_decay": 0.01, "gamma": 0.8, "lr": 0.1, "update_freq": 100.0}, "datetime": {"datetime": "2022-02-24 22:04:24", "elapsed": 0.079998, "delta": 0.004998}}
{"target": 18546.126666666667, "params": {"eps_decay": 0.001, "gamma": 0.9, "lr": 0.1, "update_freq": 50.0}, "datetime": {"datetime": "2022-02-24 22:04:24", "elapsed": 0.084999, "delta": 0.005001}}
{"target": 23807.153333333332, "params": {"eps_decay": 0.0001, "gamma": 0.95, "lr": 0.1, "update_freq": 200.0}, "datetime": {"datetime": "2022-02-24 22:04:24", "elapsed": 0.090002, "delta": 0.005003}}
{"target": 26176.456666666665, "params": {"eps_decay": 1e-05, "gamma": 0.99, "lr": 0.1, "update_freq": 150.0}, "datetime": {"datetime": "2022-02-24 22:04:24", "elapsed": 0.095, "delta": 0.004998}}
{"target": 3080.0, "params": {"eps_decay": 0.016773563687821177, "gamma": 0.9533960452642837, "lr": 0.020360319741283828, "update_freq": 159.94874401294265}, "datetime": {"datetime": "2022-02-25 03:17:18", "elapsed": 18774.132847, "delta": 18774.037847}}
{"target": 6670.0, "params": {"eps_decay": 0.08468599496832066, "gamma": 0.9180811217953551, "lr": 0.0031495461459860397, "update_freq": 23.324871650494295}, "datetime": {"datetime": "2022-02-25 04:41:41", "elapsed": 23837.50136, "delta": 5063.368513}}
{"target": 5520.0, "params": {"eps_decay": 0.022458236294600625, "gamma": 0.9652844975465154, "lr": 0.008334217032840515, "update_freq": 121.15301095378538}, "datetime": {"datetime": "2022-02-25 09:58:18", "elapsed": 42834.700019, "delta": 18997.198659}}
