{"target": 8810.0, "params": {"eps_decay": 0.025317739953082754, "gamma": 0.8962117265569791, "lr": 0.09159649283953804, "update_freq": 66.89286117212623}, "datetime": {"datetime": "2022-02-24 23:29:02", "elapsed": 0.0, "delta": 0.0}}
{"target": 7170.0, "params": {"eps_decay": 0.04349405526935401, "gamma": 0.898533332990991, "lr": 0.056295096946134784, "update_freq": 122.42677940490998}, "datetime": {"datetime": "2022-02-25 03:20:16", "elapsed": 13873.937264, "delta": 13873.937264}}
{"target": 6670.0, "params": {"eps_decay": 0.06312781726010047, "gamma": 0.8296685130276402, "lr": 0.007948836229553398, "update_freq": 133.66179091147666}, "datetime": {"datetime": "2022-02-25 07:46:04", "elapsed": 29821.097487, "delta": 15947.160223}}
{"target": 9320.0, "params": {"eps_decay": 0.02938275384295229, "gamma": 0.9719659343652323, "lr": 0.024796104189982224, "update_freq": 183.30073711217634}, "datetime": {"datetime": "2022-02-25 09:09:32", "elapsed": 34829.524113, "delta": 5008.426626}}
{"target": 9330.0, "params": {"eps_decay": 0.023574075104316097, "gamma": 0.9777250640895738, "lr": 0.05214802510299562, "update_freq": 113.40646169125591}, "datetime": {"datetime": "2022-02-25 14:27:54", "elapsed": 53931.166502, "delta": 19101.642389}}
